<?xml version="1.0" encoding="UTF-8"?>
<!-- Generated by org.testng.reporters.JUnitXMLReporter -->
<testsuite hostname="DESKTOP-INQUNRP" ignored="6" name="Test" tests="3" failures="0" timestamp="28 Apr 2019 12:54:01 GMT" time="9.895" errors="0">
  <testcase name="crises_controll" time="0.016" classname="testNG.Groups"/>
  <testcase name="crises_responses" time="0.002" classname="testNG.Groups"/>
  <testcase name="birthDayTest" time="9.842" classname="testNG.Groups1"/>
  <testcase name="loginTest" time="0.0" classname="testNG.Groups1">
    <ignored/>
  </testcase> <!-- loginTest -->
  <testcase name="forgetLinkTest" time="0.0" classname="testNG.Groups1">
    <ignored/>
  </testcase> <!-- forgetLinkTest -->
  <testcase name="friendlist" time="0.0" classname="testNG.Groups">
    <ignored/>
  </testcase> <!-- friendlist -->
  <testcase name="login" time="0.0" classname="testNG.Groups">
    <ignored/>
  </testcase> <!-- login -->
  <testcase name="group" time="0.0" classname="testNG.Groups">
    <ignored/>
  </testcase> <!-- group -->
  <testcase name="crises_manage" time="0.0" classname="testNG.Groups">
    <ignored/>
  </testcase> <!-- crises_manage -->
</testsuite> <!-- Test -->
