<?xml version="1.0" encoding="UTF-8"?>
<!-- Generated by org.testng.reporters.JUnitXMLReporter -->
<testsuite hostname="DESKTOP-INQUNRP" ignored="6" name="Test" tests="3" failures="0" timestamp="02 May 2019 01:17:44 GMT" time="19.202" errors="0">
  <testcase name="crises_controll" time="0.031" classname="testNG.Groups"/>
  <testcase name="friendlist" time="0.008" classname="testNG.Groups"/>
  <testcase name="forgetLinkTest" time="19.066" classname="testNG.Groups1"/>
  <testcase name="loginTest" time="0.0" classname="testNG.Groups1">
    <ignored/>
  </testcase> <!-- loginTest -->
  <testcase name="crises_responses" time="0.0" classname="testNG.Groups">
    <ignored/>
  </testcase> <!-- crises_responses -->
  <testcase name="login" time="0.0" classname="testNG.Groups">
    <ignored/>
  </testcase> <!-- login -->
  <testcase name="group" time="0.0" classname="testNG.Groups">
    <ignored/>
  </testcase> <!-- group -->
  <testcase name="birthDayTest" time="0.0" classname="testNG.Groups1">
    <ignored/>
  </testcase> <!-- birthDayTest -->
  <testcase name="crises_manage" time="0.0" classname="testNG.Groups">
    <ignored/>
  </testcase> <!-- crises_manage -->
</testsuite> <!-- Test -->
