<?xml version="1.0" encoding="UTF-8"?>
<!-- Generated by org.testng.reporters.JUnitXMLReporter -->
<testsuite hostname="DESKTOP-INQUNRP" ignored="0" name="Test" tests="5" failures="0" timestamp="02 May 2019 01:02:17 GMT" time="45.42" errors="0">
  <testcase name="login" time="6.81" classname="testNG.DependsOnMethod"/>
  <testcase name="openMainPage" time="4.893" classname="testNG.DependsOnMethod"/>
  <testcase name="postComment" time="1.715" classname="testNG.DependsOnMethod"/>
  <testcase name="forgot" time="0.891" classname="testNG.DependsOnMethod"/>
  <testcase name="clickLike" time="0.858" classname="testNG.DependsOnMethod"/>
</testsuite> <!-- Test -->
