<?xml version="1.0" encoding="UTF-8"?>
<!-- Generated by org.testng.reporters.JUnitXMLReporter -->
<testsuite hostname="DESKTOP-INQUNRP" ignored="0" name="batch1" tests="5" failures="1" timestamp="28 Apr 2019 22:36:45 GMT" time="52.301" errors="0">
  <testcase name="forgot" time="1.077" classname="testNG.BeforeAfter"/>
  <testcase name="link" time="5.301" classname="testNG.BeforeAfter"/>
  <testcase name="login" time="1.6" classname="testNG.BeforeAfter">
    <failure type="java.lang.AssertionError" message="expected [Facebook - Log In or Sign Up] but found [Log into Facebook | Facebook]">
      <![CDATA[java.lang.AssertionError: expected [Facebook - Log In or Sign Up] but found [Log into Facebook | Facebook]
at testNG.BeforeAfter.login(BeforeAfter.java:43)
... Removed 31 stack frames]]>
    </failure>
  </testcase> <!-- login -->
  <testcase name="login" time="8.573" classname="testNG.Assertion"/>
  <testcase name="forgot" time="1.166" classname="testNG.Assertion"/>
</testsuite> <!-- batch1 -->
