<?xml version="1.0" encoding="UTF-8"?>
<!-- Generated by org.testng.reporters.JUnitXMLReporter -->
<testsuite hostname="DESKTOP-INQUNRP" ignored="0" name="batch2" tests="6" failures="0" timestamp="28 Apr 2019 22:37:12 GMT" time="27.499" errors="0">
  <testcase name="openFaceBook" time="0.21" classname="testNG.Description"/>
  <testcase name="login" time="1.378" classname="testNG.DependsOnMethod"/>
  <testcase name="openMainPage" time="4.183" classname="testNG.DependsOnMethod"/>
  <testcase name="postComment" time="0.765" classname="testNG.DependsOnMethod"/>
  <testcase name="forgot" time="0.818" classname="testNG.DependsOnMethod"/>
  <testcase name="clickLike" time="0.587" classname="testNG.DependsOnMethod"/>
</testsuite> <!-- batch2 -->
