<?xml version="1.0" encoding="UTF-8"?>
<!-- Generated by org.testng.reporters.JUnitXMLReporter -->
<testsuite hostname="DESKTOP-INQUNRP" ignored="2" name="Default test" tests="3" failures="0" timestamp="29 Apr 2019 01:47:44 GMT" time="37.308" errors="0">
  <testcase name="clickLike" time="1.919" classname="testNG.EnableTrueFalse"/>
  <testcase name="openMainPage" time="4.927" classname="testNG.EnableTrueFalse"/>
  <testcase name="login" time="10.916" classname="testNG.EnableTrueFalse"/>
  <testcase name="postComment" time="0.0" classname="testNG.EnableTrueFalse">
    <ignored/>
  </testcase> <!-- postComment -->
  <testcase name="forgot" time="0.0" classname="testNG.EnableTrueFalse">
    <ignored/>
  </testcase> <!-- forgot -->
</testsuite> <!-- Default test -->
