<?xml version="1.0" encoding="UTF-8"?>
<!-- Generated by org.testng.reporters.JUnitXMLReporter -->
<testsuite hostname="DESKTOP-INQUNRP" ignored="0" name="Testng3" tests="6" failures="0" timestamp="28 Apr 2019 22:48:20 GMT" time="0.039" errors="0">
  <testcase name="login" time="0.002" classname="testNG.Priority"/>
  <testcase name="crises_responses" time="0.007" classname="testNG.Priority"/>
  <testcase name="group" time="0.001" classname="testNG.Priority"/>
  <testcase name="friendlist" time="0.001" classname="testNG.Priority"/>
  <testcase name="crises_manage" time="0.001" classname="testNG.Priority"/>
  <testcase name="crises_controll" time="0.001" classname="testNG.Priority"/>
</testsuite> <!-- Testng3 -->
