<?xml version="1.0" encoding="UTF-8"?>
<!-- Generated by org.testng.reporters.JUnitXMLReporter -->
<testsuite hostname="DESKTOP-INQUNRP" ignored="0" name="Testng" tests="11" failures="1" timestamp="28 Apr 2019 12:36:47 GMT" time="22.92" errors="0">
  <testcase name="testCase1" time="0.007" classname="testNG.BeforeAfterInOrder$TestNG_in_order"/>
  <testcase name="testCase2" time="0.004" classname="testNG.BeforeAfterInOrder$TestNG_in_order"/>
  <testcase name="forgot" time="1.02" classname="testNG.BeforeAfter"/>
  <testcase name="link" time="4.038" classname="testNG.BeforeAfter"/>
  <testcase name="login" time="1.089" classname="testNG.BeforeAfter">
    <failure type="java.lang.AssertionError" message="expected [Facebook - Log In or Sign Up] but found [Log into Facebook | Facebook]">
      <![CDATA[java.lang.AssertionError: expected [Facebook - Log In or Sign Up] but found [Log into Facebook | Facebook]
at testNG.BeforeAfter.login(BeforeAfter.java:43)
... Removed 31 stack frames]]>
    </failure>
  </testcase> <!-- login -->
  <testcase name="login" time="0.001" classname="testNG.Priority"/>
  <testcase name="crises_responses" time="0.002" classname="testNG.Priority"/>
  <testcase name="group" time="0.001" classname="testNG.Priority"/>
  <testcase name="friendlist" time="0.002" classname="testNG.Priority"/>
  <testcase name="crises_manage" time="0.002" classname="testNG.Priority"/>
  <testcase name="crises_controll" time="0.005" classname="testNG.Priority"/>
</testsuite> <!-- Testng -->
