<?xml version="1.0" encoding="UTF-8"?>
<!-- Generated by org.testng.reporters.JUnitXMLReporter -->
<testsuite hostname="DESKTOP-INQUNRP" ignored="0" name="Testng2" tests="3" failures="1" timestamp="28 Apr 2019 22:48:20 GMT" time="21.348" errors="0">
  <testcase name="forgot" time="0.994" classname="testNG.BeforeAfter"/>
  <testcase name="link" time="3.831" classname="testNG.BeforeAfter"/>
  <testcase name="login" time="2.236" classname="testNG.BeforeAfter">
    <failure type="java.lang.AssertionError" message="expected [Facebook - Log In or Sign Up] but found [Log into Facebook | Facebook]">
      <![CDATA[java.lang.AssertionError: expected [Facebook - Log In or Sign Up] but found [Log into Facebook | Facebook]
at testNG.BeforeAfter.login(BeforeAfter.java:43)
... Removed 31 stack frames]]>
    </failure>
  </testcase> <!-- login -->
</testsuite> <!-- Testng2 -->
